# JRE version: OpenJDK Runtime Environment (8.0_152-b02) (build 1.8.0_152-release-1024-b02)
# Java VM: OpenJDK 64-Bit Server VM (25.152-b02 mixed mode windows-amd64 compressed oops)
Heap:
 PSYoungGen      total 177664K, used 141479K [0x00000000e0000000, 0x00000000f0380000, 0x0000000100000000)
  eden space 139264K, 80% used [0x00000000e0000000,0x00000000e6d04138,0x00000000e8800000)
  from space 38400K, 77% used [0x00000000e8800000,0x00000000ea525c68,0x00000000ead80000)
  to   space 40960K, 0% used [0x00000000edb80000,0x00000000edb80000,0x00000000f0380000)
 ParOldGen       total 114176K, used 42312K [0x00000000a0000000, 0x00000000a6f80000, 0x00000000e0000000)
  object space 114176K, 37% used [0x00000000a0000000,0x00000000a29521c0,0x00000000a6f80000)
 Metaspace       used 74742K, capacity 77886K, committed 78040K, reserved 1116160K
  class space    used 9738K, capacity 10434K, committed 10496K, reserved 1048576K
GC Heap History (10 events):
Event: 64.743 GC heap before
{Heap before GC invocations=18 (full 3):
 PSYoungGen      total 136192K, used 134984K [0x00000000e0000000, 0x00000000e9f80000, 0x0000000100000000)
  eden space 115712K, 100% used [0x00000000e0000000,0x00000000e7100000,0x00000000e7100000)
  from space 20480K, 94% used [0x00000000e8780000,0x00000000e9a520e8,0x00000000e9b80000)
  to   space 23040K, 0% used [0x00000000e7100000,0x00000000e7100000,0x00000000e8780000)
 ParOldGen       total 114176K, used 33884K [0x00000000a0000000, 0x00000000a6f80000, 0x00000000e0000000)
  object space 114176K, 29% used [0x00000000a0000000,0x00000000a21173b0,0x00000000a6f80000)
 Metaspace       used 64954K, capacity 67280K, committed 67544K, reserved 1107968K
  class space    used 8553K, capacity 9111K, committed 9216K, reserved 1048576K
Event: 64.818 GC heap after
Heap after GC invocations=18 (full 3):
 PSYoungGen      total 138752K, used 23011K [0x00000000e0000000, 0x00000000ebc00000, 0x0000000100000000)
  eden space 115712K, 0% used [0x00000000e0000000,0x00000000e0000000,0x00000000e7100000)
  from space 23040K, 99% used [0x00000000e7100000,0x00000000e8778d30,0x00000000e8780000)
  to   space 29184K, 0% used [0x00000000e9f80000,0x00000000e9f80000,0x00000000ebc00000)
 ParOldGen       total 114176K, used 42280K [0x00000000a0000000, 0x00000000a6f80000, 0x00000000e0000000)
  object space 114176K, 37% used [0x00000000a0000000,0x00000000a294a1c0,0x00000000a6f80000)
 Metaspace       used 64954K, capacity 67280K, committed 67544K, reserved 1107968K
  class space    used 8553K, capacity 9111K, committed 9216K, reserved 1048576K
}
Event: 101.420 GC heap before
{Heap before GC invocations=19 (full 3):
 PSYoungGen      total 138752K, used 138723K [0x00000000e0000000, 0x00000000ebc00000, 0x0000000100000000)
  eden space 115712K, 100% used [0x00000000e0000000,0x00000000e7100000,0x00000000e7100000)
  from space 23040K, 99% used [0x00000000e7100000,0x00000000e8778d30,0x00000000e8780000)
  to   space 29184K, 0% used [0x00000000e9f80000,0x00000000e9f80000,0x00000000ebc00000)
 ParOldGen       total 114176K, used 42280K [0x00000000a0000000, 0x00000000a6f80000, 0x00000000e0000000)
  object space 114176K, 37% used [0x00000000a0000000,0x00000000a294a1c0,0x00000000a6f80000)
 Metaspace       used 67384K, capacity 69900K, committed 70104K, reserved 1110016K
  class space    used 8828K, capacity 9441K, committed 9472K, reserved 1048576K
Event: 101.479 GC heap after
Heap after GC invocations=19 (full 3):
 PSYoungGen      total 159232K, used 27359K [0x00000000e0000000, 0x00000000ec100000, 0x0000000100000000)
  eden space 130048K, 0% used [0x00000000e0000000,0x00000000e0000000,0x00000000e7f00000)
  from space 29184K, 93% used [0x00000000e9f80000,0x00000000eba37f88,0x00000000ebc00000)
  to   space 33280K, 0% used [0x00000000e7f00000,0x00000000e7f00000,0x00000000e9f80000)
 ParOldGen       total 114176K, used 42288K [0x00000000a0000000, 0x00000000a6f80000, 0x00000000e0000000)
  object space 114176K, 37% used [0x00000000a0000000,0x00000000a294c1c0,0x00000000a6f80000)
 Metaspace       used 67384K, capacity 69900K, committed 70104K, reserved 1110016K
  class space    used 8828K, capacity 9441K, committed 9472K, reserved 1048576K
}
Event: 105.399 GC heap before
{Heap before GC invocations=20 (full 3):
 PSYoungGen      total 159232K, used 156961K [0x00000000e0000000, 0x00000000ec100000, 0x0000000100000000)
  eden space 130048K, 99% used [0x00000000e0000000,0x00000000e7e904c0,0x00000000e7f00000)
  from space 29184K, 93% used [0x00000000e9f80000,0x00000000eba37f88,0x00000000ebc00000)
  to   space 33280K, 0% used [0x00000000e7f00000,0x00000000e7f00000,0x00000000e9f80000)
 ParOldGen       total 114176K, used 42288K [0x00000000a0000000, 0x00000000a6f80000, 0x00000000e0000000)
  object space 114176K, 37% used [0x00000000a0000000,0x00000000a294c1c0,0x00000000a6f80000)
 Metaspace       used 68471K, capacity 71236K, committed 71256K, reserved 1112064K
  class space    used 8971K, capacity 9589K, committed 9600K, reserved 1048576K
Event: 105.435 GC heap after
Heap after GC invocations=20 (full 3):
 PSYoungGen      total 163328K, used 27566K [0x00000000e0000000, 0x00000000ed100000, 0x0000000100000000)
  eden space 130048K, 0% used [0x00000000e0000000,0x00000000e0000000,0x00000000e7f00000)
  from space 33280K, 82% used [0x00000000e7f00000,0x00000000e99eb838,0x00000000e9f80000)
  to   space 36352K, 0% used [0x00000000ead80000,0x00000000ead80000,0x00000000ed100000)
 ParOldGen       total 114176K, used 42296K [0x00000000a0000000, 0x00000000a6f80000, 0x00000000e0000000)
  object space 114176K, 37% used [0x00000000a0000000,0x00000000a294e1c0,0x00000000a6f80000)
 Metaspace       used 68471K, capacity 71236K, committed 71256K, reserved 1112064K
  class space    used 8971K, capacity 9589K, committed 9600K, reserved 1048576K
}
Event: 105.455 GC heap before
{Heap before GC invocations=21 (full 3):
 PSYoungGen      total 163328K, used 156814K [0x00000000e0000000, 0x00000000ed100000, 0x0000000100000000)
  eden space 130048K, 99% used [0x00000000e0000000,0x00000000e7e380f0,0x00000000e7f00000)
  from space 33280K, 82% used [0x00000000e7f00000,0x00000000e99eb838,0x00000000e9f80000)
  to   space 36352K, 0% used [0x00000000ead80000,0x00000000ead80000,0x00000000ed100000)
 ParOldGen       total 114176K, used 42296K [0x00000000a0000000, 0x00000000a6f80000, 0x00000000e0000000)
  object space 114176K, 37% used [0x00000000a0000000,0x00000000a294e1c0,0x00000000a6f80000)
 Metaspace       used 68477K, capacity 71236K, committed 71256K, reserved 1112064K
  class space    used 8971K, capacity 9589K, committed 9600K, reserved 1048576K
Event: 105.488 GC heap after
Heap after GC invocations=21 (full 3):
 PSYoungGen      total 175616K, used 26583K [0x00000000e0000000, 0x00000000ef480000, 0x0000000100000000)
  eden space 139264K, 0% used [0x00000000e0000000,0x00000000e0000000,0x00000000e8800000)
  from space 36352K, 73% used [0x00000000ead80000,0x00000000ec775da0,0x00000000ed100000)
  to   space 38400K, 0% used [0x00000000e8800000,0x00000000e8800000,0x00000000ead80000)
 ParOldGen       total 114176K, used 42304K [0x00000000a0000000, 0x00000000a6f80000, 0x00000000e0000000)
  object space 114176K, 37% used [0x00000000a0000000,0x00000000a29501c0,0x00000000a6f80000)
 Metaspace       used 68477K, capacity 71236K, committed 71256K, reserved 1112064K
  class space    used 8971K, capacity 9589K, committed 9600K, reserved 1048576K
}
Event: 830.261 GC heap before
{Heap before GC invocations=22 (full 3):
 PSYoungGen      total 175616K, used 165847K [0x00000000e0000000, 0x00000000ef480000, 0x0000000100000000)
  eden space 139264K, 100% used [0x00000000e0000000,0x00000000e8800000,0x00000000e8800000)
  from space 36352K, 73% used [0x00000000ead80000,0x00000000ec775da0,0x00000000ed100000)
  to   space 38400K, 0% used [0x00000000e8800000,0x00000000e8800000,0x00000000ead80000)
 ParOldGen       total 114176K, used 42304K [0x00000000a0000000, 0x00000000a6f80000, 0x00000000e0000000)
  object space 114176K, 37% used [0x00000000a0000000,0x00000000a29501c0,0x00000000a6f80000)
 Metaspace       used 71161K, capacity 74174K, committed 74328K, reserved 1114112K
  class space    used 9326K, capacity 10036K, committed 10112K, reserved 1048576K
Event: 848.134 GC heap after
Heap after GC invocations=22 (full 3):
 PSYoungGen      total 177664K, used 29847K [0x00000000e0000000, 0x00000000f0380000, 0x0000000100000000)
  eden space 139264K, 0% used [0x00000000e0000000,0x00000000e0000000,0x00000000e8800000)
  from space 38400K, 77% used [0x00000000e8800000,0x00000000ea525c68,0x00000000ead80000)
  to   space 40960K, 0% used [0x00000000edb80000,0x00000000edb80000,0x00000000f0380000)
 ParOldGen       total 114176K, used 42312K [0x00000000a0000000, 0x00000000a6f80000, 0x00000000e0000000)
  object space 114176K, 37% used [0x00000000a0000000,0x00000000a29521c0,0x00000000a6f80000)
 Metaspace       used 71161K, capacity 74174K, committed 74328K, reserved 1114112K
  class space    used 9326K, capacity 10036K, committed 10112K, reserved 1048576K
}

